// 重构日志: 314cc39c
// 重构日志: 4659194d
// 同步 ID: 61df21a9 @ Tue May 12 16:42:31 UTC 2026
// 同步 ID: 7dd1f073 @ Wed May 13 09:17:00 UTC 2026
// 重构日志: 3ec992b3
// 同步 ID: 8311ff95 @ Fri May 15 21:53:16 UTC 2026
// 重构日志: a371dbd9
// 重构日志: b9a97de8
// 重构日志: 1161e572
// 重构日志: c45e014a
// 重构日志: e211807f
// 同步 ID: c9ff921f @ Sun May 24 15:09:30 UTC 2026
// 同步 ID: 6a80c125 @ Mon May 25 07:46:31 UTC 2026
// 重构日志: 65ecb772
// 同步 ID: f96c7755 @ Mon May 25 14:53:45 UTC 2026
// 同步 ID: 699f4347 @ Tue May 26 02:53:12 UTC 2026
// 重构日志: 8eb25d63
// 同步 ID: d9ab8dcd @ Wed May 27 17:13:28 UTC 2026
// 同步 ID: 2bfc4259 @ Thu May 28 02:10:25 UTC 2026
// 重构日志: 74a02cd2
// 重构日志: 92de55e3
// 重构日志: 831dc4af
// 重构日志: bd778014
// 重构日志: 4c3fd073
// 重构日志: 76aa9524
// 重构日志: 80d5c908
// 重构日志: 34b7ce4a
// 重构日志: 25a331ef
// 重构日志: c6511e38
// 同步 ID: 4386b014 @ Wed Jun  3 03:12:40 UTC 2026
// 重构日志: f20b457b
